0 info it worked if it ends with ok
1 verbose cli [ '/usr/bin/nodejs', '/usr/bin/npm', 'publish' ]
2 info using npm@3.10.9
3 info using node@v6.9.2
4 verbose publish [ '.' ]
5 silly cache add args [ '.', null ]
6 verbose cache add spec .
7 silly cache add parsed spec Result {
7 silly cache add   raw: '.',
7 silly cache add   scope: null,
7 silly cache add   escapedName: null,
7 silly cache add   name: null,
7 silly cache add   rawSpec: '.',
7 silly cache add   spec: '/home/rashid/Desktop/Resmetry',
7 silly cache add   type: 'directory' }
8 verbose addLocalDirectory /home/rashid/.npm/resmetry/1.0.3/package.tgz not in flight; packing
9 verbose correctMkdir /home/rashid/.npm correctMkdir not in flight; initializing
10 info lifecycle resmetry@1.0.3~prepublish: resmetry@1.0.3
11 silly lifecycle resmetry@1.0.3~prepublish: no script for prepublish, continuing
12 verbose tar pack [ '/home/rashid/.npm/resmetry/1.0.3/package.tgz',
12 verbose tar pack   '/home/rashid/Desktop/Resmetry' ]
13 verbose tarball /home/rashid/.npm/resmetry/1.0.3/package.tgz
14 verbose folder /home/rashid/Desktop/Resmetry
15 verbose addLocalTarball adding from inside cache /home/rashid/.npm/resmetry/1.0.3/package.tgz
16 verbose correctMkdir /home/rashid/.npm correctMkdir not in flight; initializing
17 silly cache afterAdd resmetry@1.0.3
18 verbose afterAdd /home/rashid/.npm/resmetry/1.0.3/package/package.json not in flight; writing
19 verbose correctMkdir /home/rashid/.npm correctMkdir not in flight; initializing
20 verbose afterAdd /home/rashid/.npm/resmetry/1.0.3/package/package.json written
21 silly publish { name: 'resmetry',
21 silly publish   version: '1.0.3',
21 silly publish   description: 'A library supporting request-response operation over MQTT',
21 silly publish   main: 'index.js',
21 silly publish   scripts: { test: 'node index.js' },
21 silly publish   repository:
21 silly publish    { type: 'git',
21 silly publish      url: 'git+https://github.com/mohdrashid/resmetry.git' },
21 silly publish   bugs: { url: 'https://github.com/mohdrashid/resmetry/issues' },
21 silly publish   keywords:
21 silly publish    [ 'MQTT',
21 silly publish      'HTTP',
21 silly publish      'request',
21 silly publish      'response',
21 silly publish      'publish/subscribe',
21 silly publish      'publish',
21 silly publish      'subscribe' ],
21 silly publish   author:
21 silly publish    { name: 'Mohammed Rashid',
21 silly publish      email: 'mohmad.rashid@hotmail.com',
21 silly publish      url: 'https://github.com/mohdrashid' },
21 silly publish   license: 'MIT',
21 silly publish   dependencies: { mqtt: '^2.1.3' },
21 silly publish   devDependencies: {},
21 silly publish   homepage: 'https://github.com/mohdrashid/resmetry#readme',
21 silly publish   readme: 'Resmetry is a client library for the [MQTT](http://mqtt.org/) protocol, written\nin JavaScript for node.js with the aim of building request-response communication on top of mqtt protocol.\n\nThis library relies on [MQTT.js library](https://www.npmjs.com/package/mqtt) for interacting with mqtt server.\n\n<a name="install"></a>\n## Installation\n\n```sh\nnpm install resmetry --save\n```\n\n<a name="example"></a>\n## Example\n\n```js\nvar resmetrylib=require(\'resmetry\');\nvar host=\'mqtt://localhost:1883\';\n//Standard settings available in npm package mqtt\nvar settings={\n  protocolId: \'MQIsdp\',\n  protocolVersion: 3\n};\nvar resmetry= new resmetrylib();\n//Connect to mqtt server with given credentials\nresmetry.connect(host,settings);\n//Get mqtt client for advanced operations, Refer npm package mqtt for more information\n//However message event is handled by the package\nvar mqtt=resmetry.getMQTTClient();\nmqtt.on(\'connect\',function(){\n  console.log(\'Connected\');\n})\n//Making a request to topic \'request\' with message \'send me details\' whose expected result goes to topic response with options\nvar options={qos:2};\n//Options are standard options available for publishing in npm package mqtt\nresmetry.request(\'request\',\'send me details\',options,\'response\',function(err,response){\n  console.log(\'Response:\'+response);\n});\n\n```\n\noutput:\n```\nConnected\nResponse:hi\n\n```\n\n\n<a name="api"></a>\n## API\n\n  * <a href="#connect"><code>resmetry.<b>connect()</b></code></a>\n  * <a href="#request"><code>resmetry.<b>request()</b></code></a>\n  * <a href="#getMQTTClient"><code>resmetry.<b>getMQTTClient()</b></code></a>\n\n\n-------------------------------------------------------\n<a name="connect"></a>\n### resmetry.connect(url,options)\n\nConnects to the broker specified by the given url and options and\nted options. Options are as mentioned in connect part of npm package [mqtt.js](https://www.npmjs.com/package/mqtt#connect)\n\n-------------------------------------------------------\n<a name="request"></a>\n### resmetry.request(topic,data,options,responseTopic,callback)\n\n* \'topic\' is the topic to which message will be send to.[Like request]\n* \'data\' is the message which needs to be passed along with request\n* \'options\' are additional options like qos and retain features. Refer npm package [mqtt.js publish](https://www.npmjs.com/package/mqtt#publish)\n* \'responseTopic\' is the the topic to which response will be send to[Like response]\n* \'callback\' is where any err or result will be passed\n\n-------------------------------------------------------\n<a name="getMQTTClient"></a>\n### resmetry.getMQTTClient()\n\nReturns the mqtt client for the functionality of add your listeners other than <b>\'message\'</b> event.Refer [mqtt.js Events](https://www.npmjs.com/package/mqtt#connect) for information on events and other functionalities.\n\n-------------------------------------------------------\n<a name="license"></a>\n## License\n\nMIT\n',
21 silly publish   readmeFilename: 'README.md',
21 silly publish   gitHead: '9c60d2fbc3f7df4d6064cf092e6e53d46d86023e',
21 silly publish   _id: 'resmetry@1.0.3',
21 silly publish   _shasum: '725b30ad07f18106b5780f1d8424941b0e47a518',
21 silly publish   _from: '.' }
22 verbose getPublishConfig undefined
23 silly mapToRegistry name resmetry
24 silly mapToRegistry using default registry
25 silly mapToRegistry registry https://registry.npmjs.org/
26 silly mapToRegistry data Result {
26 silly mapToRegistry   raw: 'resmetry',
26 silly mapToRegistry   scope: null,
26 silly mapToRegistry   escapedName: 'resmetry',
26 silly mapToRegistry   name: 'resmetry',
26 silly mapToRegistry   rawSpec: '',
26 silly mapToRegistry   spec: 'latest',
26 silly mapToRegistry   type: 'tag' }
27 silly mapToRegistry uri https://registry.npmjs.org/resmetry
28 verbose publish registryBase https://registry.npmjs.org/
29 silly publish uploading /home/rashid/.npm/resmetry/1.0.3/package.tgz
30 verbose request uri https://registry.npmjs.org/resmetry
31 verbose request sending authorization for write operation
32 info attempt registry request try #1 at 6:32:50 PM
33 verbose request using bearer token for auth
34 verbose request id e119c4f5d0ef960f
35 http request PUT https://registry.npmjs.org/resmetry
36 http 403 https://registry.npmjs.org/resmetry
37 verbose headers { 'content-type': 'application/json',
37 verbose headers   'cache-control': 'max-age=300',
37 verbose headers   'content-length': '95',
37 verbose headers   'accept-ranges': 'bytes',
37 verbose headers   date: 'Sun, 01 Jan 2017 14:32:52 GMT',
37 verbose headers   via: '1.1 varnish',
37 verbose headers   connection: 'keep-alive',
37 verbose headers   'x-served-by': 'cache-fjr7921-FJR',
37 verbose headers   'x-cache': 'MISS',
37 verbose headers   'x-cache-hits': '0',
37 verbose headers   'x-timer': 'S1483281171.016817,VS0,VE1102',
37 verbose headers   vary: 'Accept-Encoding' }
38 verbose request invalidating /home/rashid/.npm/registry.npmjs.org/resmetry on PUT
39 error publish Failed PUT 403
40 verbose stack Error: "You cannot publish over the previously published version 1.0.3." : resmetry
40 verbose stack     at makeError (/usr/lib/node_modules/npm/node_modules/npm-registry-client/lib/request.js:302:12)
40 verbose stack     at CachingRegistryClient.<anonymous> (/usr/lib/node_modules/npm/node_modules/npm-registry-client/lib/request.js:290:14)
40 verbose stack     at Request._callback (/usr/lib/node_modules/npm/node_modules/npm-registry-client/lib/request.js:210:14)
40 verbose stack     at Request.self.callback (/usr/lib/node_modules/npm/node_modules/request/request.js:187:22)
40 verbose stack     at emitTwo (events.js:106:13)
40 verbose stack     at Request.emit (events.js:191:7)
40 verbose stack     at Request.<anonymous> (/usr/lib/node_modules/npm/node_modules/request/request.js:1048:10)
40 verbose stack     at emitOne (events.js:96:13)
40 verbose stack     at Request.emit (events.js:188:7)
40 verbose stack     at IncomingMessage.<anonymous> (/usr/lib/node_modules/npm/node_modules/request/request.js:969:12)
41 verbose statusCode 403
42 verbose pkgid resmetry
43 verbose cwd /home/rashid/Desktop/Resmetry
44 error Linux 4.8.0-32-generic
45 error argv "/usr/bin/nodejs" "/usr/bin/npm" "publish"
46 error node v6.9.2
47 error npm  v3.10.9
48 error code E403
49 error "You cannot publish over the previously published version 1.0.3." : resmetry
50 error If you need help, you may report this error at:
50 error     <https://github.com/npm/npm/issues>
51 verbose exit [ 1, true ]
